<?xml version="1.0" encoding="UTF-8"?>
<testng-results ignored="0" total="1" passed="1" failed="0" skipped="0">
  <reporter-output>
  </reporter-output>
  <suite started-at="2023-08-19T21:46:04 IST" name="Default suite" finished-at="2023-08-19T21:46:10 IST" duration-ms="6082">
    <groups>
    </groups>
    <test started-at="2023-08-19T21:46:04 IST" name="Default test" finished-at="2023-08-19T21:46:10 IST" duration-ms="6082">
      <class name="omayo.testcase.VerifyElementText">
        <test-method is-config="true" signature="setup()[pri:0, instance:omayo.testcase.VerifyElementText@3c19aaa5]" started-at="2023-08-19T21:46:04 IST" name="setup" finished-at="2023-08-19T21:46:09 IST" duration-ms="5654" status="PASS">
          <reporter-output>
          </reporter-output>
        </test-method> <!-- setup -->
        <test-method signature="verifyElementText()[pri:0, instance:omayo.testcase.VerifyElementText@3c19aaa5]" started-at="2023-08-19T21:46:09 IST" name="verifyElementText" finished-at="2023-08-19T21:46:09 IST" duration-ms="70" status="PASS">
          <reporter-output>
          </reporter-output>
        </test-method> <!-- verifyElementText -->
        <test-method is-config="true" signature="closeBrowser()[pri:0, instance:omayo.testcase.VerifyElementText@3c19aaa5]" started-at="2023-08-19T21:46:09 IST" name="closeBrowser" finished-at="2023-08-19T21:46:10 IST" duration-ms="304" status="PASS">
          <reporter-output>
          </reporter-output>
        </test-method> <!-- closeBrowser -->
      </class> <!-- omayo.testcase.VerifyElementText -->
    </test> <!-- Default test -->
  </suite> <!-- Default suite -->
</testng-results>
